  algor_cg.cpp
C:\Users\Randney\Documents\Visual Studio 2022\Projects\cpp\Graphics\Graphical Programming Workspace\cguern2022\algor_cg.cpp(10,20): warning C4305: 'inicializando': truncamento de 'double' para 'float'
C:\Users\Randney\Documents\Visual Studio 2022\Projects\cpp\Graphics\Graphical Programming Workspace\cguern2022\algor_cg.cpp(11,16): warning C4305: 'inicializando': truncamento de 'double' para 'float'
C:\Users\Randney\Documents\Visual Studio 2022\Projects\cpp\Graphics\Graphical Programming Workspace\cguern2022\algor_cg.cpp(240,6): warning C4551: faltando lista de argumentos na chamada de função
C:\Users\Randney\Documents\Visual Studio 2022\Projects\cpp\Graphics\Graphical Programming Workspace\cguern2022\algor_cg.cpp(282,6): warning C4551: faltando lista de argumentos na chamada de função
C:\Users\Randney\Documents\Visual Studio 2022\Projects\cpp\Graphics\Graphical Programming Workspace\cguern2022\algor_cg.cpp(294,4): warning C4551: faltando lista de argumentos na chamada de função
C:\Users\Randney\Documents\Visual Studio 2022\Projects\cpp\Graphics\Graphical Programming Workspace\cguern2022\algor_cg.cpp(322,2): warning C4996: 'itoa': The POSIX name for this item is deprecated. Instead, use the ISO C and C++ conformant name: _itoa. See online help for details.
C:\Users\Randney\Documents\Visual Studio 2022\Projects\cpp\Graphics\Graphical Programming Workspace\cguern2022\algor_cg.cpp(323,2): warning C4996: 'itoa': The POSIX name for this item is deprecated. Instead, use the ISO C and C++ conformant name: _itoa. See online help for details.
C:\Users\Randney\Documents\Visual Studio 2022\Projects\cpp\Graphics\Graphical Programming Workspace\cguern2022\algor_cg.cpp(373,10): warning C4244: 'inicializando': conversão de 'int' para 'float', possível perda de dados
C:\Users\Randney\Documents\Visual Studio 2022\Projects\cpp\Graphics\Graphical Programming Workspace\cguern2022\algor_cg.cpp(374,10): warning C4244: 'inicializando': conversão de 'int' para 'float', possível perda de dados
C:\Users\Randney\Documents\Visual Studio 2022\Projects\cpp\Graphics\Graphical Programming Workspace\cguern2022\algor_cg.cpp(376,27): warning C4244: 'argumento': conversão de 'float' para 'int', possível perda de dados
C:\Users\Randney\Documents\Visual Studio 2022\Projects\cpp\Graphics\Graphical Programming Workspace\cguern2022\algor_cg.cpp(376,17): warning C4244: 'argumento': conversão de 'float' para 'int', possível perda de dados
C:\Users\Randney\Documents\Visual Studio 2022\Projects\cpp\Graphics\Graphical Programming Workspace\cguern2022\algor_cg.cpp(386,9): warning C4244: 'inicializando': conversão de 'float' para 'int', possível perda de dados
C:\Users\Randney\Documents\Visual Studio 2022\Projects\cpp\Graphics\Graphical Programming Workspace\cguern2022\algor_cg.cpp(387,9): warning C4244: 'inicializando': conversão de 'float' para 'int', possível perda de dados
C:\Users\Randney\Documents\Visual Studio 2022\Projects\cpp\Graphics\Graphical Programming Workspace\cguern2022\algor_cg.cpp(400,38): warning C4244: 'argumento': conversão de 'float' para 'int', possível perda de dados
C:\Users\Randney\Documents\Visual Studio 2022\Projects\cpp\Graphics\Graphical Programming Workspace\cguern2022\algor_cg.cpp(400,17): warning C4244: 'argumento': conversão de 'float' para 'int', possível perda de dados
C:\Users\Randney\Documents\Visual Studio 2022\Projects\cpp\Graphics\Graphical Programming Workspace\cguern2022\algor_cg.cpp(417,10): warning C4244: '=': conversão de 'int' para 'float', possível perda de dados
C:\Users\Randney\Documents\Visual Studio 2022\Projects\cpp\Graphics\Graphical Programming Workspace\cguern2022\algor_cg.cpp(418,10): warning C4244: '=': conversão de 'int' para 'float', possível perda de dados
C:\Users\Randney\Documents\Visual Studio 2022\Projects\cpp\Graphics\Graphical Programming Workspace\cguern2022\algor_cg.cpp(410,23): warning C4101: 'xy2': variável local não referenciada
C:\Users\Randney\Documents\Visual Studio 2022\Projects\cpp\Graphics\Graphical Programming Workspace\cguern2022\algor_cg.cpp(410,11): warning C4101: 'P2': variável local não referenciada
C:\Users\Randney\Documents\Visual Studio 2022\Projects\cpp\Graphics\Graphical Programming Workspace\cguern2022\algor_cg.cpp(512): warning C4717: 'EscalaRotacao': recursivo em todos os caminhos de controle, função causará estouro na pilha em tempo de execução
C:\Users\Randney\Documents\Visual Studio 2022\Projects\cpp\Graphics\Graphical Programming Workspace\cguern2022\algor_cg.cpp(627): warning C4717: 'circPontoMedioPreenchido': recursivo em todos os caminhos de controle, função causará estouro na pilha em tempo de execução
  bgi.vcxproj -> C:\Users\Randney\Documents\Visual Studio 2022\Projects\cpp\Graphics\Graphical Programming Workspace\cguern2022\Debug\bgi.exe
